This file contains any messages produced by compilers while
running configure, to aid debugging if configure makes a mistake.

It was created by shotwell configure 0.25.3, which was
generated by GNU Autoconf 2.69.  Invocation command line was

  $ ./configure 

## --------- ##
## Platform. ##
## --------- ##

hostname = 18a88e0913cf
uname -m = x86_64
uname -r = 4.9.4-moby
uname -s = Linux
uname -v = #1 SMP Wed Jan 18 17:04:43 UTC 2017

/usr/bin/uname -p = unknown
/bin/uname -X     = unknown

/bin/arch              = unknown
/usr/bin/arch -k       = unknown
/usr/convex/getsysinfo = unknown
/usr/bin/hostinfo      = unknown
/bin/machine           = unknown
/usr/bin/oslevel       = unknown
/bin/universe          = unknown

PATH: /usr/local/sbin
PATH: /usr/local/bin
PATH: /usr/sbin
PATH: /usr/bin
PATH: /sbin
PATH: /bin


## ----------- ##
## Core tests. ##
## ----------- ##

configure:2389: checking build system type
configure:2403: result: x86_64-pc-linux-gnu
configure:2423: checking host system type
configure:2436: result: x86_64-pc-linux-gnu
configure:2490: checking whether make supports nested variables
configure:2507: result: yes
configure:2534: checking for a BSD-compatible install
configure:2602: result: /usr/bin/install -c
configure:2613: checking whether build environment is sane
configure:2668: result: yes
configure:2819: checking for a thread-safe mkdir -p
configure:2858: result: /bin/mkdir -p
configure:2865: checking for gawk
configure:2895: result: no
configure:2865: checking for mawk
configure:2881: found /usr/bin/mawk
configure:2892: result: mawk
configure:2903: checking whether make sets $(MAKE)
configure:2925: result: yes
configure:3021: checking whether UID '0' is supported by ustar format
configure:3024: result: yes
configure:3031: checking whether GID '0' is supported by ustar format
configure:3034: result: yes
configure:3042: checking how to create a ustar tar archive
configure:3053: tar --version
tar (GNU tar) 1.28
Copyright (C) 2014 Free Software Foundation, Inc.
License GPLv3+: GNU GPL version 3 or later <http://gnu.org/licenses/gpl.html>.
This is free software: you are free to change and redistribute it.
There is NO WARRANTY, to the extent permitted by law.

Written by John Gilmore and Jay Fenlason.
configure:3056: $? = 0
configure:3096: tardir=conftest.dir && eval tar --format=ustar -chf - "$tardir" >conftest.tar
configure:3099: $? = 0
configure:3103: tar -xf - <conftest.tar
configure:3106: $? = 0
configure:3108: cat conftest.dir/file
GrepMe
configure:3111: $? = 0
configure:3124: result: gnutar
configure:3175: checking whether to enable maintainer-specific portions of Makefiles
configure:3184: result: yes
configure:3202: checking for git
configure:3220: found /usr/bin/git
configure:3233: result: /usr/bin/git
configure:3284: checking whether to enable debugging
configure:3346: result: no
configure:3392: checking for a sed that does not truncate output
configure:3456: result: /bin/sed
configure:3462: checking whether NLS is requested
configure:3471: result: yes
configure:3511: checking for msgfmt
configure: trying /usr/bin/msgfmt...
0 translated messages.
configure:3543: result: /usr/bin/msgfmt
configure:3552: checking for gmsgfmt
configure:3583: result: /usr/bin/msgfmt
configure:3633: checking for xgettext
configure: trying /usr/bin/xgettext...
/usr/bin/xgettext: warning: file '/dev/null' extension '' is unknown; will try C
configure:3665: result: /usr/bin/xgettext
configure:3710: checking for msgmerge
configure: trying /usr/bin/msgmerge...
configure:3741: result: /usr/bin/msgmerge
configure:3786: checking for style of include used by make
configure:3814: result: GNU
configure:3885: checking for gcc
configure:3901: found /usr/bin/gcc
configure:3912: result: gcc
configure:4141: checking for C compiler version
configure:4150: gcc --version >&5
gcc (Ubuntu 5.4.0-6ubuntu1~16.04.4) 5.4.0 20160609
Copyright (C) 2015 Free Software Foundation, Inc.
This is free software; see the source for copying conditions.  There is NO
warranty; not even for MERCHANTABILITY or FITNESS FOR A PARTICULAR PURPOSE.

configure:4161: $? = 0
configure:4150: gcc -v >&5
Using built-in specs.
COLLECT_GCC=gcc
COLLECT_LTO_WRAPPER=/usr/lib/gcc/x86_64-linux-gnu/5/lto-wrapper
Target: x86_64-linux-gnu
Configured with: ../src/configure -v --with-pkgversion='Ubuntu 5.4.0-6ubuntu1~16.04.4' --with-bugurl=file:///usr/share/doc/gcc-5/README.Bugs --enable-languages=c,ada,c++,java,go,d,fortran,objc,obj-c++ --prefix=/usr --program-suffix=-5 --enable-shared --enable-linker-build-id --libexecdir=/usr/lib --without-included-gettext --enable-threads=posix --libdir=/usr/lib --enable-nls --with-sysroot=/ --enable-clocale=gnu --enable-libstdcxx-debug --enable-libstdcxx-time=yes --with-default-libstdcxx-abi=new --enable-gnu-unique-object --disable-vtable-verify --enable-libmpx --enable-plugin --with-system-zlib --disable-browser-plugin --enable-java-awt=gtk --enable-gtk-cairo --with-java-home=/usr/lib/jvm/java-1.5.0-gcj-5-amd64/jre --enable-java-home --with-jvm-root-dir=/usr/lib/jvm/java-1.5.0-gcj-5-amd64 --with-jvm-jar-dir=/usr/lib/jvm-exports/java-1.5.0-gcj-5-amd64 --with-arch-directory=amd64 --with-ecj-jar=/usr/share/java/eclipse-ecj.jar --enable-objc-gc --enable-multiarch --disable-werror --with-arch-32=i686 --with-abi=m64 --with-multilib-list=m32,m64,mx32 --enable-multilib --with-tune=generic --enable-checking=release --build=x86_64-linux-gnu --host=x86_64-linux-gnu --target=x86_64-linux-gnu
Thread model: posix
gcc version 5.4.0 20160609 (Ubuntu 5.4.0-6ubuntu1~16.04.4) 
configure:4161: $? = 0
configure:4150: gcc -V >&5
gcc: error: unrecognized command line option '-V'
gcc: fatal error: no input files
compilation terminated.
configure:4161: $? = 1
configure:4150: gcc -qversion >&5
gcc: error: unrecognized command line option '-qversion'
gcc: fatal error: no input files
compilation terminated.
configure:4161: $? = 1
configure:4181: checking whether the C compiler works
configure:4203: gcc    conftest.c  >&5
configure:4207: $? = 0
configure:4255: result: yes
configure:4258: checking for C compiler default output file name
configure:4260: result: a.out
configure:4266: checking for suffix of executables
configure:4273: gcc -o conftest    conftest.c  >&5
configure:4277: $? = 0
configure:4299: result: 
configure:4321: checking whether we are cross compiling
configure:4329: gcc -o conftest    conftest.c  >&5
configure:4333: $? = 0
configure:4340: ./conftest
configure:4344: $? = 0
configure:4359: result: no
configure:4364: checking for suffix of object files
configure:4386: gcc -c   conftest.c >&5
configure:4390: $? = 0
configure:4411: result: o
configure:4415: checking whether we are using the GNU C compiler
configure:4434: gcc -c   conftest.c >&5
configure:4434: $? = 0
configure:4443: result: yes
configure:4452: checking whether gcc accepts -g
configure:4472: gcc -c -g  conftest.c >&5
configure:4472: $? = 0
configure:4513: result: yes
configure:4530: checking for gcc option to accept ISO C89
configure:4593: gcc  -c   conftest.c >&5
configure:4593: $? = 0
configure:4606: result: none needed
configure:4631: checking whether gcc understands -c and -o together
configure:4653: gcc -c conftest.c -o conftest2.o
configure:4656: $? = 0
configure:4653: gcc -c conftest.c -o conftest2.o
configure:4656: $? = 0
configure:4668: result: yes
configure:4687: checking dependency style of gcc
configure:4798: result: gcc3
configure:4838: checking for ld used by gcc
configure:4905: result: /usr/bin/ld
configure:4912: checking if the linker (/usr/bin/ld) is GNU ld
configure:4927: result: yes
configure:4934: checking for shared library run path origin
configure:4947: result: done
configure:4972: checking how to run the C preprocessor
configure:5003: gcc -E  conftest.c
configure:5003: $? = 0
configure:5017: gcc -E  conftest.c
conftest.c:13:28: fatal error: ac_nonexistent.h: No such file or directory
compilation terminated.
configure:5017: $? = 1
configure: failed program was:
| /* confdefs.h */
| #define PACKAGE_NAME "shotwell"
| #define PACKAGE_TARNAME "shotwell"
| #define PACKAGE_VERSION "0.25.3"
| #define PACKAGE_STRING "shotwell 0.25.3"
| #define PACKAGE_BUGREPORT "https://bugzilla.gnome.org/enter_bug.cgi?product=shotwell"
| #define PACKAGE_URL ""
| #define PACKAGE "shotwell"
| #define VERSION "0.25.3"
| #define NDEBUG /**/
| #define GETTEXT_PACKAGE "shotwell"
| /* end confdefs.h.  */
| #include <ac_nonexistent.h>
configure:5042: result: gcc -E
configure:5062: gcc -E  conftest.c
configure:5062: $? = 0
configure:5076: gcc -E  conftest.c
conftest.c:13:28: fatal error: ac_nonexistent.h: No such file or directory
compilation terminated.
configure:5076: $? = 1
configure: failed program was:
| /* confdefs.h */
| #define PACKAGE_NAME "shotwell"
| #define PACKAGE_TARNAME "shotwell"
| #define PACKAGE_VERSION "0.25.3"
| #define PACKAGE_STRING "shotwell 0.25.3"
| #define PACKAGE_BUGREPORT "https://bugzilla.gnome.org/enter_bug.cgi?product=shotwell"
| #define PACKAGE_URL ""
| #define PACKAGE "shotwell"
| #define VERSION "0.25.3"
| #define NDEBUG /**/
| #define GETTEXT_PACKAGE "shotwell"
| /* end confdefs.h.  */
| #include <ac_nonexistent.h>
configure:5105: checking for grep that handles long lines and -e
configure:5163: result: /bin/grep
configure:5168: checking for egrep
configure:5230: result: /bin/grep -E
configure:5788: checking for CFPreferencesCopyAppValue
configure:5806: gcc -o conftest    conftest.c  -Wl,-framework -Wl,CoreFoundation >&5
conftest.c:13:42: fatal error: CoreFoundation/CFPreferences.h: No such file or directory
compilation terminated.
configure:5806: $? = 1
configure: failed program was:
| /* confdefs.h */
| #define PACKAGE_NAME "shotwell"
| #define PACKAGE_TARNAME "shotwell"
| #define PACKAGE_VERSION "0.25.3"
| #define PACKAGE_STRING "shotwell 0.25.3"
| #define PACKAGE_BUGREPORT "https://bugzilla.gnome.org/enter_bug.cgi?product=shotwell"
| #define PACKAGE_URL ""
| #define PACKAGE "shotwell"
| #define VERSION "0.25.3"
| #define NDEBUG /**/
| #define GETTEXT_PACKAGE "shotwell"
| /* end confdefs.h.  */
| #include <CoreFoundation/CFPreferences.h>
| int
| main ()
| {
| CFPreferencesCopyAppValue(NULL, NULL)
|   ;
|   return 0;
| }
configure:5815: result: no
configure:5822: checking for CFLocaleCopyCurrent
configure:5840: gcc -o conftest    conftest.c  -Wl,-framework -Wl,CoreFoundation >&5
conftest.c:13:37: fatal error: CoreFoundation/CFLocale.h: No such file or directory
compilation terminated.
configure:5840: $? = 1
configure: failed program was:
| /* confdefs.h */
| #define PACKAGE_NAME "shotwell"
| #define PACKAGE_TARNAME "shotwell"
| #define PACKAGE_VERSION "0.25.3"
| #define PACKAGE_STRING "shotwell 0.25.3"
| #define PACKAGE_BUGREPORT "https://bugzilla.gnome.org/enter_bug.cgi?product=shotwell"
| #define PACKAGE_URL ""
| #define PACKAGE "shotwell"
| #define VERSION "0.25.3"
| #define NDEBUG /**/
| #define GETTEXT_PACKAGE "shotwell"
| /* end confdefs.h.  */
| #include <CoreFoundation/CFLocale.h>
| int
| main ()
| {
| CFLocaleCopyCurrent();
|   ;
|   return 0;
| }
configure:5849: result: no
configure:5898: checking for GNU gettext in libc
configure:5927: gcc -o conftest    conftest.c  >&5
configure:5927: $? = 0
configure:5936: result: yes
configure:6783: checking whether to use NLS
configure:6785: result: yes
configure:6788: checking where the gettext function comes from
configure:6799: result: libc
configure:6860: checking for valac
configure:6878: found /usr/bin/valac
configure:6891: result: /usr/bin/valac
configure:6900: checking whether /usr/bin/valac is at least version 0.28
configure:6908: result: yes
configure:6977: checking for gcc
configure:7004: result: gcc
configure:7233: checking for C compiler version
configure:7242: gcc --version >&5
gcc (Ubuntu 5.4.0-6ubuntu1~16.04.4) 5.4.0 20160609
Copyright (C) 2015 Free Software Foundation, Inc.
This is free software; see the source for copying conditions.  There is NO
warranty; not even for MERCHANTABILITY or FITNESS FOR A PARTICULAR PURPOSE.

configure:7253: $? = 0
configure:7242: gcc -v >&5
Using built-in specs.
COLLECT_GCC=gcc
COLLECT_LTO_WRAPPER=/usr/lib/gcc/x86_64-linux-gnu/5/lto-wrapper
Target: x86_64-linux-gnu
Configured with: ../src/configure -v --with-pkgversion='Ubuntu 5.4.0-6ubuntu1~16.04.4' --with-bugurl=file:///usr/share/doc/gcc-5/README.Bugs --enable-languages=c,ada,c++,java,go,d,fortran,objc,obj-c++ --prefix=/usr --program-suffix=-5 --enable-shared --enable-linker-build-id --libexecdir=/usr/lib --without-included-gettext --enable-threads=posix --libdir=/usr/lib --enable-nls --with-sysroot=/ --enable-clocale=gnu --enable-libstdcxx-debug --enable-libstdcxx-time=yes --with-default-libstdcxx-abi=new --enable-gnu-unique-object --disable-vtable-verify --enable-libmpx --enable-plugin --with-system-zlib --disable-browser-plugin --enable-java-awt=gtk --enable-gtk-cairo --with-java-home=/usr/lib/jvm/java-1.5.0-gcj-5-amd64/jre --enable-java-home --with-jvm-root-dir=/usr/lib/jvm/java-1.5.0-gcj-5-amd64 --with-jvm-jar-dir=/usr/lib/jvm-exports/java-1.5.0-gcj-5-amd64 --with-arch-directory=amd64 --with-ecj-jar=/usr/share/java/eclipse-ecj.jar --enable-objc-gc --enable-multiarch --disable-werror --with-arch-32=i686 --with-abi=m64 --with-multilib-list=m32,m64,mx32 --enable-multilib --with-tune=generic --enable-checking=release --build=x86_64-linux-gnu --host=x86_64-linux-gnu --target=x86_64-linux-gnu
Thread model: posix
gcc version 5.4.0 20160609 (Ubuntu 5.4.0-6ubuntu1~16.04.4) 
configure:7253: $? = 0
configure:7242: gcc -V >&5
gcc: error: unrecognized command line option '-V'
gcc: fatal error: no input files
compilation terminated.
configure:7253: $? = 1
configure:7242: gcc -qversion >&5
gcc: error: unrecognized command line option '-qversion'
gcc: fatal error: no input files
compilation terminated.
configure:7253: $? = 1
configure:7257: checking whether we are using the GNU C compiler
configure:7285: result: yes
configure:7294: checking whether gcc accepts -g
configure:7355: result: yes
configure:7372: checking for gcc option to accept ISO C89
configure:7448: result: none needed
configure:7473: checking whether gcc understands -c and -o together
configure:7510: result: yes
configure:7529: checking dependency style of gcc
configure:7640: result: gcc3
configure:7710: checking for pkg-config
configure:7728: found /usr/bin/pkg-config
configure:7740: result: /usr/bin/pkg-config
configure:7765: checking pkg-config is at least version 0.22
configure:7768: result: yes
configure:7844: checking for pkg-config
configure:7874: result: /usr/bin/pkg-config
configure:7899: checking pkg-config is at least version 0.16
configure:7902: result: yes
configure:8018: checking for SHOTWELL
configure:8044: $PKG_CONFIG --exists --print-errors "
                             gee-0.8 >= 0.8.5
                             gexiv2 >= 0.10.4
                             gio-unix-2.0 >= 2.20
                             glib-2.0 >= 2.40.0
                             gmodule-2.0 >= 2.24.0
                             gstreamer-1.0 >= 1.0.0
                             gstreamer-base-1.0 >= 1.0.0
                             gstreamer-plugins-base-1.0 >= 1.0.0
                             gstreamer-pbutils-1.0 >= 1.0.0
                             gtk+-3.0 >= 3.14.0
                             gudev-1.0 >= 145
                             libexif >= 0.6.16
                             libgphoto2 >= 2.5.0
                             libraw >= 0.13.2
                             libsoup-2.4 >= 2.42.0
                             libxml-2.0 >= 2.6.32
                             sqlite3 >= 3.5.9
                             webkit2gtk-4.0
                            "
Requested 'gexiv2 >= 0.10.4' but version of GExiv2 is 0.10.3
configure:8066: $? = 1
configure:8118: $PKG_CONFIG --exists --print-errors "
                             gee-0.8 >= 0.8.5
                             gexiv2 >= 0.10.4
                             gio-unix-2.0 >= 2.20
                             glib-2.0 >= 2.40.0
                             gmodule-2.0 >= 2.24.0
                             gstreamer-1.0 >= 1.0.0
                             gstreamer-base-1.0 >= 1.0.0
                             gstreamer-plugins-base-1.0 >= 1.0.0
                             gstreamer-pbutils-1.0 >= 1.0.0
                             gtk+-3.0 >= 3.14.0
                             gudev-1.0 >= 145
                             libexif >= 0.6.16
                             libgphoto2 >= 2.5.0
                             libraw >= 0.13.2
                             libsoup-2.4 >= 2.42.0
                             libxml-2.0 >= 2.6.32
                             sqlite3 >= 3.5.9
                             webkit2gtk-4.0
                            "
Requested 'gexiv2 >= 0.10.4' but version of GExiv2 is 0.10.3
configure:8140: $? = 1
configure:8173: result: no
Requested 'gexiv2 >= 0.10.4' but version of GExiv2 is 0.10.3
configure:8227: error: Package requirements (
                             gee-0.8 >= 0.8.5
                             gexiv2 >= 0.10.4
                             gio-unix-2.0 >= 2.20
                             glib-2.0 >= 2.40.0
                             gmodule-2.0 >= 2.24.0
                             gstreamer-1.0 >= 1.0.0
                             gstreamer-base-1.0 >= 1.0.0
                             gstreamer-plugins-base-1.0 >= 1.0.0
                             gstreamer-pbutils-1.0 >= 1.0.0
                             gtk+-3.0 >= 3.14.0
                             gudev-1.0 >= 145
                             libexif >= 0.6.16
                             libgphoto2 >= 2.5.0
                             libraw >= 0.13.2
                             libsoup-2.4 >= 2.42.0
                             libxml-2.0 >= 2.6.32
                             sqlite3 >= 3.5.9
                             webkit2gtk-4.0
                            ) were not met:

Requested 'gexiv2 >= 0.10.4' but version of GExiv2 is 0.10.3

Consider adjusting the PKG_CONFIG_PATH environment variable if you
installed software in a non-standard prefix.

Alternatively, you may set the environment variables SHOTWELL_CFLAGS
and SHOTWELL_LIBS to avoid the need to call pkg-config.
See the pkg-config man page for more details.

## ---------------- ##
## Cache variables. ##
## ---------------- ##

ac_cv_build=x86_64-pc-linux-gnu
ac_cv_c_compiler_gnu=yes
ac_cv_env_CC_set=
ac_cv_env_CC_value=
ac_cv_env_CFLAGS_set=
ac_cv_env_CFLAGS_value=
ac_cv_env_CPPFLAGS_set=
ac_cv_env_CPPFLAGS_value=
ac_cv_env_CPP_set=
ac_cv_env_CPP_value=
ac_cv_env_IMPORT_CFLAGS_set=
ac_cv_env_IMPORT_CFLAGS_value=
ac_cv_env_IMPORT_LIBS_set=
ac_cv_env_IMPORT_LIBS_value=
ac_cv_env_ITSTOOL_set=
ac_cv_env_ITSTOOL_value=
ac_cv_env_LDFLAGS_set=
ac_cv_env_LDFLAGS_value=
ac_cv_env_LIBS_set=
ac_cv_env_LIBS_value=
ac_cv_env_LT_SYS_LIBRARY_PATH_set=
ac_cv_env_LT_SYS_LIBRARY_PATH_value=
ac_cv_env_PKG_CONFIG_LIBDIR_set=
ac_cv_env_PKG_CONFIG_LIBDIR_value=
ac_cv_env_PKG_CONFIG_PATH_set=
ac_cv_env_PKG_CONFIG_PATH_value=
ac_cv_env_PKG_CONFIG_set=
ac_cv_env_PKG_CONFIG_value=
ac_cv_env_PLUGIN_CFLAGS_set=
ac_cv_env_PLUGIN_CFLAGS_value=
ac_cv_env_PLUGIN_LIBS_set=
ac_cv_env_PLUGIN_LIBS_value=
ac_cv_env_PUBLISHING_CFLAGS_set=
ac_cv_env_PUBLISHING_CFLAGS_value=
ac_cv_env_PUBLISHING_LIBS_set=
ac_cv_env_PUBLISHING_LIBS_value=
ac_cv_env_SHOTWELL_CFLAGS_set=
ac_cv_env_SHOTWELL_CFLAGS_value=
ac_cv_env_SHOTWELL_LIBS_set=
ac_cv_env_SHOTWELL_LIBS_value=
ac_cv_env_THUMBNAILER_CFLAGS_set=
ac_cv_env_THUMBNAILER_CFLAGS_value=
ac_cv_env_THUMBNAILER_LIBS_set=
ac_cv_env_THUMBNAILER_LIBS_value=
ac_cv_env_TRANSITIONS_CFLAGS_set=
ac_cv_env_TRANSITIONS_CFLAGS_value=
ac_cv_env_TRANSITIONS_LIBS_set=
ac_cv_env_TRANSITIONS_LIBS_value=
ac_cv_env_UNITY_CFLAGS_set=
ac_cv_env_UNITY_CFLAGS_value=
ac_cv_env_UNITY_LIBS_set=
ac_cv_env_UNITY_LIBS_value=
ac_cv_env_XMLLINT_set=
ac_cv_env_XMLLINT_value=
ac_cv_env_build_alias_set=
ac_cv_env_build_alias_value=
ac_cv_env_host_alias_set=
ac_cv_env_host_alias_value=
ac_cv_env_target_alias_set=
ac_cv_env_target_alias_value=
ac_cv_host=x86_64-pc-linux-gnu
ac_cv_objext=o
ac_cv_path_EGREP='/bin/grep -E'
ac_cv_path_GIT=/usr/bin/git
ac_cv_path_GMSGFMT=/usr/bin/msgfmt
ac_cv_path_GREP=/bin/grep
ac_cv_path_MSGFMT=/usr/bin/msgfmt
ac_cv_path_MSGMERGE=/usr/bin/msgmerge
ac_cv_path_SED=/bin/sed
ac_cv_path_VALAC=/usr/bin/valac
ac_cv_path_XGETTEXT=/usr/bin/xgettext
ac_cv_path_ac_pt_PKG_CONFIG=/usr/bin/pkg-config
ac_cv_path_install='/usr/bin/install -c'
ac_cv_path_mkdir=/bin/mkdir
ac_cv_prog_AWK=mawk
ac_cv_prog_CPP='gcc -E'
ac_cv_prog_ac_ct_CC=gcc
ac_cv_prog_cc_c89=
ac_cv_prog_cc_g=yes
ac_cv_prog_make_make_set=yes
acl_cv_hardcode_direct=no
acl_cv_hardcode_libdir_flag_spec='${wl}-rpath ${wl}$libdir'
acl_cv_hardcode_libdir_separator=
acl_cv_hardcode_minus_L=no
acl_cv_libext=a
acl_cv_libname_spec='lib$name'
acl_cv_library_names_spec='$libname$shrext'
acl_cv_path_LD=/usr/bin/ld
acl_cv_prog_gnu_ld=yes
acl_cv_rpath=done
acl_cv_shlibext=so
acl_cv_wl=-Wl,
am_cv_CC_dependencies_compiler_type=gcc3
am_cv_make_support_nested_variables=yes
am_cv_prog_cc_c_o=yes
am_cv_prog_tar_ustar=gnutar
gt_cv_func_CFLocaleCopyCurrent=no
gt_cv_func_CFPreferencesCopyAppValue=no
gt_cv_func_gnugettext1_libc=yes

## ----------------- ##
## Output variables. ##
## ----------------- ##














		$(CHANGELOG_GIT_FLAGS) $(CHANGELOG_GIT_RANGE) \
		$(INSTALL_DATA) $^ "$(DESTDIR)$(gsettingsschemadir)"; \
		--git-dir=$(CHANGELOG_GIT_DIR) --work-tree=$(top_srcdir) log \
		test -n "$(GSETTINGS_DISABLE_SCHEMAS_COMPILE)$(DESTDIR)" || $(GLIB_COMPILE_SCHEMAS) $(gsettingsschemadir); \
		test -z "$(gsettingsschemadir)" || $(MKDIR_P) "$(DESTDIR)$(gsettingsschemadir)"; \
		| fmt --split-only >.ChangeLog.tmp; \
	$(AM_V_GEN) $(GLIB_COMPILE_SCHEMAS) --strict --dry-run $(addprefix --schema-file=,$(gsettings__enum_file)) --schema-file=$< && mkdir -p $(@D) && touch $@
	$(AM_V_GEN) glib-mkenums --comments '\''<!-- @comment@ -->'\'' --fhead "<schemalist>" --vhead "  <@type@ id='\''$(gsettings_ENUM_NAMESPACE).@EnumName@'\''>" --vprod "    <value nick='\''@valuenick@'\'' value='\''@valuenum@'\''/>" --vtail "  </@type@>" --ftail "</schemalist>" $^ > $@.tmp && mv $@.tmp $@
	$(AM_V_GEN)if $(GIT) \
	@$(NORMAL_INSTALL)
	@$(NORMAL_UNINSTALL)
	@list='\''$(gsettings_SCHEMAS) $(gsettings__enum_file)'\''; test -n "$(gsettingsschemadir)" || list=; \
	cd "$(DESTDIR)$(gsettingsschemadir)" && rm -f $$files
	echo " ( cd '\''$(DESTDIR)$(gsettingsschemadir)'\'' && rm -f" $$files ")"; \
	else rm -f .ChangeLog.tmp; exit 1; fi
	fi
	files=`for p in $$list; do echo $$p; done | sed -e '\''s|^.*/||'\''`; \
	if test -n "$^"; then \
	rm -f $(gsettings_SCHEMAS:.xml=.valid) $(gsettings__enum_file)
	test -n "$$files" || exit 0; \
	test -n "$(GSETTINGS_DISABLE_SCHEMAS_COMPILE)$(DESTDIR)" || $(GLIB_COMPILE_SCHEMAS) $(gsettingsschemadir)
	then mv -f .ChangeLog.tmp "$(top_distdir)/ChangeLog"; \
#
#    (exclusive). (Default: include all commits)
#    ChangeLog. (Default: various)
#  - CHANGELOG_GIT_DIR: .git directory to use. (Default: $(top_srcdir)/.git)
#  - CHANGELOG_GIT_FLAGS: General flags to pass to git-log when generating the
#  - CHANGELOG_START: git commit ID or tag name to output changelogs from
# Generate ChangeLog
# Generate a ChangeLog in $(top_distdir)
# Optional:
# git-specific
$(gsettings__enum_file): $(gsettings_ENUM_FILES)
%.gschema.valid: %.gschema.xml $(gsettings__enum_file)
'
.PHONY : uninstall-gsettings-schemas install-gsettings-schemas clean-gsettings-schemas
.PHONY: dist-ChangeLog
.SECONDARY: $(gsettings_SCHEMAS)
ACLOCAL='${SHELL} /shotwell/build-aux/missing aclocal-1.15'
ACLOCAL_AMFLAGS='-I m4'
AMDEPBACKSLASH='\'
AMDEP_FALSE='#'
AMDEP_TRUE=''
AMTAR='$${TAR-tar}'
AM_BACKSLASH='\'
AM_DEFAULT_V='$(AM_DEFAULT_VERBOSITY)'
AM_DEFAULT_VERBOSITY='0'
AM_V='$(V)'
API_VERSION='0'
APPDATA_XML_RULES=''
APPSTREAM_UTIL=''
AR=''
AUTOCONF='${SHELL} /shotwell/build-aux/missing autoconf'
AUTOHEADER='${SHELL} /shotwell/build-aux/missing autoheader'
AUTOMAKE='${SHELL} /shotwell/build-aux/missing automake-1.15'
AWK='mawk'
CC='gcc'
CCDEPMODE='depmode=gcc3'
CFLAGS=''
CHANGELOG_GIT_DIR ?= $(top_srcdir)/.git
CHANGELOG_GIT_FLAGS ?= --stat -M -C --name-status --no-color
CHANGELOG_GIT_RANGE =
CHANGELOG_GIT_RANGE = $(CHANGELOG_START)..
CPP='gcc -E'
CPPFLAGS=''
CYGPATH_W='echo'
DEFS=''
DEPDIR='.deps'
DLLTOOL=''
DSYMUTIL=''
DUMPBIN=''
ECHO_C=''
ECHO_N='-n'
ECHO_T=''
EGREP='/bin/grep -E'
EXEEXT=''
FGREP=''
GENERATE_CHANGELOG_RULES='
GETTEXT_MACRO_VERSION='0.19'
GETTEXT_PACKAGE='shotwell'
GIT='/usr/bin/git'
GITVER='e5a192163148d01708684bc38c4442824fda8178'
GLIB_COMPILE_RESOURCES=''
GLIB_COMPILE_SCHEMAS='/usr/lib/x86_64-linux-gnu/glib-2.0/glib-compile-schemas'
GMSGFMT='/usr/bin/msgfmt'
GMSGFMT_015='/usr/bin/msgfmt'
GREP='/bin/grep'
GSETTINGS_DISABLE_SCHEMAS_COMPILE=''
GSETTINGS_RULES='
HAVE_EXTRA_PLUGINS=''
HAVE_EXTRA_PLUGINS_FALSE=''
HAVE_EXTRA_PLUGINS_TRUE=''
HAVE_UNITY=''
HAVE_UNITY_FALSE=''
HAVE_UNITY_TRUE=''
HELP_DIR=''
IMPORT_CFLAGS=''
IMPORT_LIBS=''
INSTALL_DATA='${INSTALL} -m 644'
INSTALL_PROGRAM='${INSTALL}'
INSTALL_SCRIPT='${INSTALL}'
INSTALL_STRIP_PROGRAM='$(install_sh) -c -s'
INTLLIBS=''
INTL_MACOSX_LIBS=''
IS_GITVERSION_FALSE='#'
IS_GITVERSION_TRUE=''
ITSTOOL=''
LD='/usr/bin/ld'
LDFLAGS=''
LIBICONV='-liconv'
LIBINTL=''
LIBOBJS=''
LIBS=''
LIBTOOL=''
LIPO=''
LN_S=''
LTLIBICONV='-liconv'
LTLIBINTL=''
LTLIBOBJS=''
LT_SYS_LIBRARY_PATH=''
MAINT=''
MAINTAINER_MODE_FALSE='#'
MAINTAINER_MODE_TRUE=''
MAJOR_VERSION='0'
MAKEINFO='${SHELL} /shotwell/build-aux/missing makeinfo'
MANIFEST_TOOL=''
MICRO_VERSION='3'
MINOR_VERSION='25'
MKDIR_P='/bin/mkdir -p'
MSGFMT='/usr/bin/msgfmt'
MSGFMT_015='/usr/bin/msgfmt'
MSGMERGE='/usr/bin/msgmerge'
NM=''
NMEDIT=''
OBJDUMP=''
OBJEXT='o'
OTOOL64=''
OTOOL=''
PACKAGE='shotwell'
PACKAGE_BUGREPORT='https://bugzilla.gnome.org/enter_bug.cgi?product=shotwell'
PACKAGE_NAME='shotwell'
PACKAGE_STRING='shotwell 0.25.3'
PACKAGE_TARNAME='shotwell'
PACKAGE_URL=''
PACKAGE_VERSION='0.25.3'
PATH_SEPARATOR=':'
PKG_CONFIG='/usr/bin/pkg-config'
PKG_CONFIG_LIBDIR=''
PKG_CONFIG_PATH=''
PLUGIN_CFLAGS=''
PLUGIN_LIBS=''
POSUB='po'
PUBLISHING_CFLAGS=''
PUBLISHING_LIBS=''
RANLIB=''
SED='/bin/sed'
SET_MAKE=''
SHELL='/bin/bash'
SHOTWELL_CFLAGS=''
SHOTWELL_LIBS=''
STRIP=''
THUMBNAILER_CFLAGS=''
THUMBNAILER_LIBS=''
TRANSITIONS_CFLAGS=''
TRANSITIONS_LIBS=''
UNITY_CFLAGS=''
UNITY_LIBS=''
UNITY_VALAFLAGS=''
USE_NLS='yes'
VALAC='/usr/bin/valac'
VALAFLAGS='-g'
VERSION='0.25.3'
XGETTEXT='/usr/bin/xgettext'
XGETTEXT_015='/usr/bin/xgettext'
XGETTEXT_EXTRA_OPTIONS=''
XMLLINT=''
YELP_HELP_RULES=''
YELP_LC_DIST=''
YELP_LC_MEDIA_LINKS=''
ac_ct_AR=''
ac_ct_CC='gcc'
ac_ct_DUMPBIN=''
all-am: $(gsettings_SCHEMAS:.xml=.valid)
am__EXEEXT_FALSE=''
am__EXEEXT_TRUE=''
am__fastdepCC_FALSE='#'
am__fastdepCC_TRUE=''
am__include='include'
am__isrc=''
am__leading_dot='.'
am__nodep='_no'
am__quote=''
am__tar='tar --format=ustar -chf - "$$tardir"'
am__untar='tar -xf -'
appdataxmldir=''
bindir='${exec_prefix}/bin'
build='x86_64-pc-linux-gnu'
build_alias=''
build_cpu='x86_64'
build_os='linux-gnu'
build_vendor='pc'
clean-gsettings-schemas:
datadir='${datarootdir}'
datarootdir='${prefix}/share'
dist-ChangeLog:
docdir='${datarootdir}/doc/${PACKAGE_TARNAME}'
dvidir='${docdir}'
else
endif
endif'
exec_prefix='NONE'
gsettings__enum_file = $(addsuffix .enums.xml,$(gsettings_ENUM_NAMESPACE))
gsettingsschemadir='${datarootdir}/glib-2.0/schemas'
host='x86_64-pc-linux-gnu'
host_alias=''
host_cpu='x86_64'
host_os='linux-gnu'
host_vendor='pc'
htmldir='${docdir}'
ifdef gsettings_ENUM_NAMESPACE
ifeq ($(CHANGELOG_START),)
includedir='${prefix}/include'
infodir='${datarootdir}/info'
install-data-am: install-gsettings-schemas
install-gsettings-schemas: $(gsettings_SCHEMAS) $(gsettings__enum_file)
install_sh='${SHELL} /shotwell/build-aux/install-sh'
libdir='${exec_prefix}/lib'
libexecdir='${exec_prefix}/libexec'
localedir='${datarootdir}/locale'
localstatedir='${prefix}/var'
mandir='${datarootdir}/man'
mkdir_p='$(MKDIR_P)'
mostlyclean-am: clean-gsettings-schemas
oldincludedir='/usr/include'
pdfdir='${docdir}'
prefix='NONE'
program_transform_name='s,x,x,'
psdir='${docdir}'
runstatedir='${localstatedir}/run'
sbindir='${exec_prefix}/sbin'
sharedstatedir='${prefix}/com'
sysconfdir='${prefix}/etc'
target_alias=''
uninstall-am: uninstall-gsettings-schemas
uninstall-gsettings-schemas:

## ----------- ##
## confdefs.h. ##
## ----------- ##

/* confdefs.h */
#define PACKAGE_NAME "shotwell"
#define PACKAGE_TARNAME "shotwell"
#define PACKAGE_VERSION "0.25.3"
#define PACKAGE_STRING "shotwell 0.25.3"
#define PACKAGE_BUGREPORT "https://bugzilla.gnome.org/enter_bug.cgi?product=shotwell"
#define PACKAGE_URL ""
#define PACKAGE "shotwell"
#define VERSION "0.25.3"
#define NDEBUG /**/
#define GETTEXT_PACKAGE "shotwell"
#define ENABLE_NLS 1
#define HAVE_GETTEXT 1
#define HAVE_DCGETTEXT 1

configure: exit 1
